<?xml version="1.0" encoding="UTF-8"?>
<!-- Generated by org.testng.reporters.JUnitReportReporter -->
<testsuite hostname="ROHIT-KUMAR" failures="0" tests="1" name="iRCTCExample.IRCTCtest" time="26.695" errors="0" timestamp="2022-07-28T23:03:57 IST" skipped="0">
  <testcase classname="iRCTCExample.IRCTCtest" name="logincheck" time="26.695"/>
  <system-out/>
</testsuite> <!-- iRCTCExample.IRCTCtest -->
