<?xml version="1.0" encoding="UTF-8"?>
<!-- Generated by org.testng.reporters.JUnitReportReporter -->
<testsuite hostname="ROHIT-KUMAR" failures="0" tests="1" name="actionListExample.DragandDrop" time="9.642" errors="0" timestamp="2022-07-28T23:02:04 IST" skipped="0">
  <testcase classname="actionListExample.DragandDrop" name="dragdroptest" time="9.642"/>
  <system-out/>
</testsuite> <!-- actionListExample.DragandDrop -->
