<?xml version="1.0" encoding="UTF-8"?>
<!-- Generated by org.testng.reporters.JUnitReportReporter -->
<testsuite hostname="ROHIT-KUMAR" failures="0" tests="2" name="assessment.Logintest_HRM" time="9.064" errors="0" timestamp="2022-07-25T12:21:20 IST" skipped="0">
  <testcase classname="assessment.Logintest_HRM" name="logintest2" time="0.163"/>
  <system-out/>
  <testcase classname="assessment.Logintest_HRM" name="logintest" time="8.901"/>
  <system-out/>
</testsuite> <!-- assessment.Logintest_HRM -->
