<?xml version="1.0" encoding="UTF-8"?>
<!-- Generated by org.testng.reporters.JUnitReportReporter -->
<testsuite hostname="ROHIT-KUMAR" failures="0" tests="1" name="actionListExample.Dragdroptest2" time="3.507" errors="0" timestamp="2022-07-29T14:37:41 IST" skipped="0">
  <testcase classname="actionListExample.Dragdroptest2" name="test2" time="3.507"/>
  <system-out/>
</testsuite> <!-- actionListExample.Dragdroptest2 -->
