<?xml version="1.0" encoding="UTF-8"?>
<!-- Generated by org.testng.reporters.JUnitReportReporter -->
<testsuite hostname="ROHIT-KUMAR" failures="0" tests="1" name="controlPaytmExample.ExerciseToDo" time="8.199" errors="0" timestamp="2022-07-16T06:21:18 IST" skipped="0">
  <testcase classname="controlPaytmExample.ExerciseToDo" name="deselecttest" time="8.199"/>
  <system-out/>
</testsuite> <!-- controlPaytmExample.ExerciseToDo -->
