<?xml version="1.0" encoding="UTF-8"?>
<!-- Generated by org.testng.reporters.JUnitReportReporter -->
<testsuite hostname="ROHIT-KUMAR" failures="0" tests="1" name="hrmlogin.Usingconfig_to_login" time="6.957" errors="0" timestamp="2022-07-17T18:33:34 IST" skipped="0">
  <testcase classname="hrmlogin.Usingconfig_to_login" name="login" time="6.957"/>
  <system-out/>
</testsuite> <!-- hrmlogin.Usingconfig_to_login -->
