<?xml version="1.0" encoding="UTF-8"?>
<!-- Generated by org.testng.reporters.JUnitReportReporter -->
<testsuite hostname="ROHIT-KUMAR" failures="0" tests="2" name="crossBrowserTesting.Hrmloginvalidatecase" time="9.385" errors="0" timestamp="2022-07-29T14:37:41 IST" skipped="0">
  <testcase classname="crossBrowserTesting.Hrmloginvalidatecase" name="test1" time="7.534"/>
  <system-out/>
  <testcase classname="crossBrowserTesting.Hrmloginvalidatecase" name="test2" time="1.851"/>
  <system-out/>
</testsuite> <!-- crossBrowserTesting.Hrmloginvalidatecase -->
