<?xml version="1.0" encoding="UTF-8"?>
<!-- Generated by org.testng.reporters.JUnitReportReporter -->
<testsuite hostname="ROHIT-KUMAR" failures="0" tests="1" name="hrmAppExample_log.HRMLoginTest_Config" time="6.300" errors="0" timestamp="2022-07-20T17:44:03 IST" skipped="0">
  <testcase classname="hrmAppExample_log.HRMLoginTest_Config" name="login" time="6.300"/>
  <system-out/>
</testsuite> <!-- hrmAppExample_log.HRMLoginTest_Config -->
