<?xml version="1.0" encoding="UTF-8"?>
<!-- Generated by org.testng.reporters.JUnitReportReporter -->
<testsuite hostname="ROHIT-KUMAR" failures="0" tests="1" name="readingExcel_File.BaseClass" time="0.433" errors="0" timestamp="2022-07-29T15:20:37 IST" skipped="0">
  <testcase classname="readingExcel_File.BaseClass" name="read" time="0.433"/>
  <system-out/>
</testsuite> <!-- readingExcel_File.BaseClass -->
