<?xml version="1.0" encoding="UTF-8"?>
<!-- Generated by org.testng.reporters.JUnitReportReporter -->
<testsuite hostname="ROHIT-KUMAR" failures="0" tests="1" name="iRCTCExample.IRCTCtest" time="23.773" errors="0" timestamp="2022-07-29T15:32:02 IST" skipped="0">
  <testcase classname="iRCTCExample.IRCTCtest" name="logincheck" time="23.773"/>
  <system-out/>
</testsuite> <!-- iRCTCExample.IRCTCtest -->
